<?xml version="1.0" encoding="UTF-8"?>
<!-- Generated by org.testng.reporters.JUnitReportReporter -->
<testsuite hostname="DESKTOP-J1HV9Q6" failures="0" tests="2" name="com.bookdemo.testcases.FlightsPageTest" time="18.048" errors="0" timestamp="2022-08-12T13:41:25 EDT" skipped="0">
  <testcase classname="com.bookdemo.testcases.FlightsPageTest" name="test001_VerifyTripOprionsRadioGroup" time="9.818"/>
  <system-out/>
  <testcase classname="com.bookdemo.testcases.FlightsPageTest" name="test002_VerifyRoundTripIsSelected" time="8.230"/>
  <system-out/>
</testsuite> <!-- com.bookdemo.testcases.FlightsPageTest -->
