<?xml version="1.0" encoding="UTF-8"?>
<!-- Generated by org.testng.reporters.JUnitReportReporter -->
<testsuite hostname="DESKTOP-J1HV9Q6" failures="0" tests="2" name="com.bookdemo.testcases.HomeStaysPageTest" time="13.534" errors="0" timestamp="2022-08-12T13:41:25 EDT" skipped="0">
  <testcase classname="com.bookdemo.testcases.HomeStaysPageTest" name="test002_verifySignInButton" time="5.474"/>
  <system-out/>
  <testcase classname="com.bookdemo.testcases.HomeStaysPageTest" name="test001_ValidateIsStaysBtnSelected" time="8.060"/>
  <system-out/>
</testsuite> <!-- com.bookdemo.testcases.HomeStaysPageTest -->
