<?xml version="1.0" encoding="UTF-8"?>
<!-- Generated by org.testng.reporters.JUnitReportReporter -->
<testsuite hostname="DESKTOP-J1HV9Q6" failures="0" tests="2" name="com.bookdemo.testcases.LoginPageTest" time="13.054" errors="0" timestamp="2022-08-12T13:41:25 EDT" skipped="0">
  <testcase classname="com.bookdemo.testcases.LoginPageTest" name="test001_VerifyEmailInput" time="6.730"/>
  <system-out/>
  <testcase classname="com.bookdemo.testcases.LoginPageTest" name="test002_VerifySubmitEmailButton" time="6.324"/>
  <system-out/>
</testsuite> <!-- com.bookdemo.testcases.LoginPageTest -->
